<?xml version="1.0" encoding="UTF-8"?>
<testsuite name="com.emse.spring.faircorp.dao.BuildingDaoTest" tests="2" skipped="0" failures="0" errors="0" timestamp="2022-12-10T11:54:46" hostname="PEGASUS" time="0.419">
  <properties/>
  <testcase name="shouldFindWindows()" classname="com.emse.spring.faircorp.dao.BuildingDaoTest" time="0.406"/>
  <testcase name="shouldFindHeaters()" classname="com.emse.spring.faircorp.dao.BuildingDaoTest" time="0.012"/>
  <system-out><![CDATA[2022-12-10 12:54:45.661  INFO 31672 --- [    Test worker] b.t.a.o.j.DataJpaTestContextBootstrapper : Neither @ContextConfiguration nor @ContextHierarchy found for test class [com.emse.spring.faircorp.dao.BuildingDaoTest], using SpringBootContextLoader
2022-12-10 12:54:45.663  INFO 31672 --- [    Test worker] o.s.t.c.support.AbstractContextLoader    : Could not detect default resource locations for test class [com.emse.spring.faircorp.dao.BuildingDaoTest]: no resource found for suffixes {-context.xml, Context.groovy}.
2022-12-10 12:54:45.664  INFO 31672 --- [    Test worker] t.c.s.AnnotationConfigContextLoaderUtils : Could not detect default configuration classes for test class [com.emse.spring.faircorp.dao.BuildingDaoTest]: BuildingDaoTest does not declare any static, non-private, non-final, nested classes annotated with @Configuration.
2022-12-10 12:54:45.681  INFO 31672 --- [    Test worker] .b.t.c.SpringBootTestContextBootstrapper : Found @SpringBootConfiguration com.emse.spring.faircorp.Application for test class com.emse.spring.faircorp.dao.BuildingDaoTest
2022-12-10 12:54:45.682  INFO 31672 --- [    Test worker] b.t.a.o.j.DataJpaTestContextBootstrapper : Loaded default TestExecutionListener class names from location [META-INF/spring.factories]: [org.springframework.security.test.context.support.WithSecurityContextTestExecutionListener, org.springframework.security.test.context.support.ReactorContextTestExecutionListener, org.springframework.boot.test.autoconfigure.restdocs.RestDocsTestExecutionListener, org.springframework.boot.test.autoconfigure.web.client.MockRestServiceServerResetTestExecutionListener, org.springframework.boot.test.autoconfigure.web.servlet.MockMvcPrintOnlyOnFailureTestExecutionListener, org.springframework.boot.test.autoconfigure.web.servlet.WebDriverTestExecutionListener, org.springframework.boot.test.autoconfigure.webservices.client.MockWebServiceServerTestExecutionListener, org.springframework.boot.test.mock.mockito.MockitoTestExecutionListener, org.springframework.boot.test.mock.mockito.ResetMocksTestExecutionListener, org.springframework.test.context.web.ServletTestExecutionListener, org.springframework.test.context.support.DirtiesContextBeforeModesTestExecutionListener, org.springframework.test.context.event.ApplicationEventsTestExecutionListener, org.springframework.test.context.support.DependencyInjectionTestExecutionListener, org.springframework.test.context.support.DirtiesContextTestExecutionListener, org.springframework.test.context.transaction.TransactionalTestExecutionListener, org.springframework.test.context.jdbc.SqlScriptsTestExecutionListener, org.springframework.test.context.event.EventPublishingTestExecutionListener]
2022-12-10 12:54:45.684  INFO 31672 --- [    Test worker] b.t.a.o.j.DataJpaTestContextBootstrapper : Using TestExecutionListeners: [org.springframework.test.context.web.ServletTestExecutionListener@638e8eca, org.springframework.test.context.support.DirtiesContextBeforeModesTestExecutionListener@27d49c87, org.springframework.test.context.event.ApplicationEventsTestExecutionListener@9e1a06f, org.springframework.boot.test.mock.mockito.MockitoTestExecutionListener@6d785516, org.springframework.boot.test.autoconfigure.SpringBootDependencyInjectionTestExecutionListener@7a177ead, org.springframework.test.context.support.DirtiesContextTestExecutionListener@7924f5cc, org.springframework.test.context.transaction.TransactionalTestExecutionListener@7dc2d05f, org.springframework.test.context.jdbc.SqlScriptsTestExecutionListener@52bdfa14, org.springframework.security.test.context.support.WithSecurityContextTestExecutionListener@131e04f8, org.springframework.test.context.event.EventPublishingTestExecutionListener@4d4a19c2, org.springframework.security.test.context.support.ReactorContextTestExecutionListener@26e1681c, org.springframework.boot.test.autoconfigure.restdocs.RestDocsTestExecutionListener@1b315b8e, org.springframework.boot.test.autoconfigure.web.client.MockRestServiceServerResetTestExecutionListener@78ebb5d4, org.springframework.boot.test.autoconfigure.web.servlet.MockMvcPrintOnlyOnFailureTestExecutionListener@65f23702, org.springframework.boot.test.autoconfigure.web.servlet.WebDriverTestExecutionListener@487e0228, org.springframework.boot.test.autoconfigure.webservices.client.MockWebServiceServerTestExecutionListener@5982dd82, org.springframework.boot.test.mock.mockito.ResetMocksTestExecutionListener@7ce29673]

  .   ____          _            __ _ _
 /\\ / ___'_ __ _ _(_)_ __  __ _ \ \ \ \
( ( )\___ | '_ | '_| | '_ \/ _` | \ \ \ \
 \\/  ___)| |_)| | | | | || (_| |  ) ) ) )
  '  |____| .__|_| |_|_| |_\__, | / / / /
 =========|_|==============|___/=/_/_/_/
 :: Spring Boot ::                (v2.7.3)

2022-12-10 12:54:45.748  INFO 31672 --- [    Test worker] c.e.spring.faircorp.dao.BuildingDaoTest  : Starting BuildingDaoTest using Java 17.0.4.1 on PEGASUS with PID 31672 (started by kandu in C:\Users\kandu\Documents\EMSE\Web Programming\BackEndRepo)
2022-12-10 12:54:45.748  INFO 31672 --- [    Test worker] c.e.spring.faircorp.dao.BuildingDaoTest  : No active profile set, falling back to 1 default profile: "default"
2022-12-10 12:54:45.876  INFO 31672 --- [    Test worker] .s.d.r.c.RepositoryConfigurationDelegate : Bootstrapping Spring Data JPA repositories in DEFAULT mode.
2022-12-10 12:54:45.930  INFO 31672 --- [    Test worker] .s.d.r.c.RepositoryConfigurationDelegate : Finished Spring Data repository scanning in 54 ms. Found 4 JPA repository interfaces.
2022-12-10 12:54:45.958  INFO 31672 --- [    Test worker] beddedDataSourceBeanFactoryPostProcessor : Replacing 'dataSource' DataSource bean with embedded version
2022-12-10 12:54:46.054  INFO 31672 --- [    Test worker] o.s.j.d.e.EmbeddedDatabaseFactory        : Starting embedded database: url='jdbc:h2:mem:f05dc53d-040d-4286-9559-7a459d762f43;DB_CLOSE_DELAY=-1;DB_CLOSE_ON_EXIT=false', username='sa'
2022-12-10 12:54:46.170  INFO 31672 --- [    Test worker] o.hibernate.jpa.internal.util.LogHelper  : HHH000204: Processing PersistenceUnitInfo [name: default]
2022-12-10 12:54:46.183  INFO 31672 --- [    Test worker] org.hibernate.dialect.Dialect            : HHH000400: Using dialect: org.hibernate.dialect.H2Dialect
Hibernate: drop table if exists building CASCADE 
Hibernate: drop table if exists heater CASCADE 
Hibernate: drop table if exists room CASCADE 
Hibernate: drop table if exists rwindow CASCADE 
Hibernate: drop sequence if exists hibernate_sequence
Hibernate: create sequence hibernate_sequence start with 1 increment by 1
Hibernate: create table building (id bigint not null, name varchar(255) not null, outside_temperature double, primary key (id))
Hibernate: create table heater (id bigint not null, heater_status varchar(255) not null, name varchar(255) not null, power bigint, room_id bigint not null, primary key (id))
Hibernate: create table room (id bigint not null, current_temperature double, floor integer not null, name varchar(255) not null, target_temperature double, building_id bigint not null, primary key (id))
Hibernate: create table rwindow (id bigint not null, name varchar(255) not null, window_status varchar(255) not null, room_id bigint not null, primary key (id))
Hibernate: alter table heater add constraint FKba10hbsubifukw0monybjx3a0 foreign key (room_id) references room
Hibernate: alter table room add constraint FK4kmfw73x2vpfymk0ml875rh2q foreign key (building_id) references building
Hibernate: alter table rwindow add constraint FK621arbu4dtuis4nf2o3xtapfn foreign key (room_id) references room
2022-12-10 12:54:46.280  INFO 31672 --- [    Test worker] o.h.e.t.j.p.i.JtaPlatformInitiator       : HHH000490: Using JtaPlatform implementation: [org.hibernate.engine.transaction.jta.platform.internal.NoJtaPlatform]
2022-12-10 12:54:46.280  INFO 31672 --- [    Test worker] j.LocalContainerEntityManagerFactoryBean : Initialized JPA EntityManagerFactory for persistence unit 'default'
2022-12-10 12:54:46.542  INFO 31672 --- [    Test worker] c.e.spring.faircorp.dao.BuildingDaoTest  : Started BuildingDaoTest in 0.855 seconds (JVM running for 49.331)
2022-12-10 12:54:46.559  INFO 31672 --- [    Test worker] o.s.t.c.transaction.TransactionContext   : Began transaction (1) for test context [DefaultTestContext@7134b9d4 testClass = BuildingDaoTest, testInstance = com.emse.spring.faircorp.dao.BuildingDaoTest@2fcf4953, testMethod = shouldFindWindows@BuildingDaoTest, testException = [null], mergedContextConfiguration = [MergedContextConfiguration@3b4cd78c testClass = BuildingDaoTest, locations = '{}', classes = '{class com.emse.spring.faircorp.Application}', contextInitializerClasses = '[]', activeProfiles = '{}', propertySourceLocations = '{}', propertySourceProperties = '{org.springframework.boot.test.autoconfigure.orm.jpa.DataJpaTestContextBootstrapper=true}', contextCustomizers = set[org.springframework.boot.test.autoconfigure.OverrideAutoConfigurationContextCustomizerFactory$DisableAutoConfigurationContextCustomizer@5ebb736b, org.springframework.boot.test.autoconfigure.actuate.metrics.MetricsExportContextCustomizerFactory$DisableMetricExportContextCustomizer@71b6d77f, org.springframework.boot.test.autoconfigure.filter.TypeExcludeFiltersContextCustomizer@351584c0, org.springframework.boot.test.autoconfigure.properties.PropertyMappingContextCustomizer@18ee91e, org.springframework.boot.test.autoconfigure.web.servlet.WebDriverContextCustomizerFactory$Customizer@278667fd, [ImportsContextCustomizer@625b4c5 key = [org.springframework.boot.autoconfigure.cache.CacheAutoConfiguration, org.springframework.boot.autoconfigure.data.jpa.JpaRepositoriesAutoConfiguration, org.springframework.boot.autoconfigure.flyway.FlywayAutoConfiguration, org.springframework.boot.autoconfigure.jdbc.DataSourceAutoConfiguration, org.springframework.boot.autoconfigure.jdbc.DataSourceTransactionManagerAutoConfiguration, org.springframework.boot.autoconfigure.jdbc.JdbcTemplateAutoConfiguration, org.springframework.boot.autoconfigure.liquibase.LiquibaseAutoConfiguration, org.springframework.boot.autoconfigure.orm.jpa.HibernateJpaAutoConfiguration, org.springframework.boot.autoconfigure.sql.init.SqlInitializationAutoConfiguration, org.springframework.boot.autoconfigure.transaction.TransactionAutoConfiguration, org.springframework.boot.test.autoconfigure.jdbc.TestDatabaseAutoConfiguration, org.springframework.boot.test.autoconfigure.orm.jpa.TestEntityManagerAutoConfiguration]], org.springframework.boot.test.context.filter.ExcludeFilterContextCustomizer@e042c99, org.springframework.boot.test.json.DuplicateJsonObjectContextCustomizerFactory$DuplicateJsonObjectContextCustomizer@2b34e38c, org.springframework.boot.test.mock.mockito.MockitoContextCustomizer@0, org.springframework.boot.test.context.SpringBootTestArgs@1, org.springframework.boot.test.context.SpringBootTestWebEnvironment@0], contextLoader = 'org.springframework.boot.test.context.SpringBootContextLoader', parent = [null]], attributes = map['org.springframework.test.context.event.ApplicationEventsTestExecutionListener.recordApplicationEvents' -> false]]; transaction manager [org.springframework.orm.jpa.JpaTransactionManager@5a829eed]; rollback [true]
Hibernate: select window0_.id as id1_3_, window0_.name as name2_3_, window0_.room_id as room_id4_3_, window0_.window_status as window_s3_3_ from rwindow window0_ cross join room room1_ where window0_.room_id=room1_.id and room1_.building_id=?
Hibernate: select room0_.id as id1_2_0_, room0_.building_id as building6_2_0_, room0_.current_temperature as current_2_2_0_, room0_.floor as floor3_2_0_, room0_.name as name4_2_0_, room0_.target_temperature as target_t5_2_0_, building1_.id as id1_0_1_, building1_.name as name2_0_1_, building1_.outside_temperature as outside_3_0_1_ from room room0_ inner join building building1_ on room0_.building_id=building1_.id where room0_.id=?
Hibernate: select room0_.id as id1_2_0_, room0_.building_id as building6_2_0_, room0_.current_temperature as current_2_2_0_, room0_.floor as floor3_2_0_, room0_.name as name4_2_0_, room0_.target_temperature as target_t5_2_0_, building1_.id as id1_0_1_, building1_.name as name2_0_1_, building1_.outside_temperature as outside_3_0_1_ from room room0_ inner join building building1_ on room0_.building_id=building1_.id where room0_.id=?
2022-12-10 12:54:46.950  INFO 31672 --- [    Test worker] o.s.t.c.transaction.TransactionContext   : Rolled back transaction for test: [DefaultTestContext@7134b9d4 testClass = BuildingDaoTest, testInstance = com.emse.spring.faircorp.dao.BuildingDaoTest@2fcf4953, testMethod = shouldFindWindows@BuildingDaoTest, testException = [null], mergedContextConfiguration = [MergedContextConfiguration@3b4cd78c testClass = BuildingDaoTest, locations = '{}', classes = '{class com.emse.spring.faircorp.Application}', contextInitializerClasses = '[]', activeProfiles = '{}', propertySourceLocations = '{}', propertySourceProperties = '{org.springframework.boot.test.autoconfigure.orm.jpa.DataJpaTestContextBootstrapper=true}', contextCustomizers = set[org.springframework.boot.test.autoconfigure.OverrideAutoConfigurationContextCustomizerFactory$DisableAutoConfigurationContextCustomizer@5ebb736b, org.springframework.boot.test.autoconfigure.actuate.metrics.MetricsExportContextCustomizerFactory$DisableMetricExportContextCustomizer@71b6d77f, org.springframework.boot.test.autoconfigure.filter.TypeExcludeFiltersContextCustomizer@351584c0, org.springframework.boot.test.autoconfigure.properties.PropertyMappingContextCustomizer@18ee91e, org.springframework.boot.test.autoconfigure.web.servlet.WebDriverContextCustomizerFactory$Customizer@278667fd, [ImportsContextCustomizer@625b4c5 key = [org.springframework.boot.autoconfigure.cache.CacheAutoConfiguration, org.springframework.boot.autoconfigure.data.jpa.JpaRepositoriesAutoConfiguration, org.springframework.boot.autoconfigure.flyway.FlywayAutoConfiguration, org.springframework.boot.autoconfigure.jdbc.DataSourceAutoConfiguration, org.springframework.boot.autoconfigure.jdbc.DataSourceTransactionManagerAutoConfiguration, org.springframework.boot.autoconfigure.jdbc.JdbcTemplateAutoConfiguration, org.springframework.boot.autoconfigure.liquibase.LiquibaseAutoConfiguration, org.springframework.boot.autoconfigure.orm.jpa.HibernateJpaAutoConfiguration, org.springframework.boot.autoconfigure.sql.init.SqlInitializationAutoConfiguration, org.springframework.boot.autoconfigure.transaction.TransactionAutoConfiguration, org.springframework.boot.test.autoconfigure.jdbc.TestDatabaseAutoConfiguration, org.springframework.boot.test.autoconfigure.orm.jpa.TestEntityManagerAutoConfiguration]], org.springframework.boot.test.context.filter.ExcludeFilterContextCustomizer@e042c99, org.springframework.boot.test.json.DuplicateJsonObjectContextCustomizerFactory$DuplicateJsonObjectContextCustomizer@2b34e38c, org.springframework.boot.test.mock.mockito.MockitoContextCustomizer@0, org.springframework.boot.test.context.SpringBootTestArgs@1, org.springframework.boot.test.context.SpringBootTestWebEnvironment@0], contextLoader = 'org.springframework.boot.test.context.SpringBootContextLoader', parent = [null]], attributes = map['org.springframework.test.context.event.ApplicationEventsTestExecutionListener.recordApplicationEvents' -> false]]
2022-12-10 12:54:46.954  INFO 31672 --- [    Test worker] o.s.t.c.transaction.TransactionContext   : Began transaction (1) for test context [DefaultTestContext@7134b9d4 testClass = BuildingDaoTest, testInstance = com.emse.spring.faircorp.dao.BuildingDaoTest@7912724, testMethod = shouldFindHeaters@BuildingDaoTest, testException = [null], mergedContextConfiguration = [MergedContextConfiguration@3b4cd78c testClass = BuildingDaoTest, locations = '{}', classes = '{class com.emse.spring.faircorp.Application}', contextInitializerClasses = '[]', activeProfiles = '{}', propertySourceLocations = '{}', propertySourceProperties = '{org.springframework.boot.test.autoconfigure.orm.jpa.DataJpaTestContextBootstrapper=true}', contextCustomizers = set[org.springframework.boot.test.autoconfigure.OverrideAutoConfigurationContextCustomizerFactory$DisableAutoConfigurationContextCustomizer@5ebb736b, org.springframework.boot.test.autoconfigure.actuate.metrics.MetricsExportContextCustomizerFactory$DisableMetricExportContextCustomizer@71b6d77f, org.springframework.boot.test.autoconfigure.filter.TypeExcludeFiltersContextCustomizer@351584c0, org.springframework.boot.test.autoconfigure.properties.PropertyMappingContextCustomizer@18ee91e, org.springframework.boot.test.autoconfigure.web.servlet.WebDriverContextCustomizerFactory$Customizer@278667fd, [ImportsContextCustomizer@625b4c5 key = [org.springframework.boot.autoconfigure.cache.CacheAutoConfiguration, org.springframework.boot.autoconfigure.data.jpa.JpaRepositoriesAutoConfiguration, org.springframework.boot.autoconfigure.flyway.FlywayAutoConfiguration, org.springframework.boot.autoconfigure.jdbc.DataSourceAutoConfiguration, org.springframework.boot.autoconfigure.jdbc.DataSourceTransactionManagerAutoConfiguration, org.springframework.boot.autoconfigure.jdbc.JdbcTemplateAutoConfiguration, org.springframework.boot.autoconfigure.liquibase.LiquibaseAutoConfiguration, org.springframework.boot.autoconfigure.orm.jpa.HibernateJpaAutoConfiguration, org.springframework.boot.autoconfigure.sql.init.SqlInitializationAutoConfiguration, org.springframework.boot.autoconfigure.transaction.TransactionAutoConfiguration, org.springframework.boot.test.autoconfigure.jdbc.TestDatabaseAutoConfiguration, org.springframework.boot.test.autoconfigure.orm.jpa.TestEntityManagerAutoConfiguration]], org.springframework.boot.test.context.filter.ExcludeFilterContextCustomizer@e042c99, org.springframework.boot.test.json.DuplicateJsonObjectContextCustomizerFactory$DuplicateJsonObjectContextCustomizer@2b34e38c, org.springframework.boot.test.mock.mockito.MockitoContextCustomizer@0, org.springframework.boot.test.context.SpringBootTestArgs@1, org.springframework.boot.test.context.SpringBootTestWebEnvironment@0], contextLoader = 'org.springframework.boot.test.context.SpringBootContextLoader', parent = [null]], attributes = map['org.springframework.test.context.event.ApplicationEventsTestExecutionListener.recordApplicationEvents' -> false]]; transaction manager [org.springframework.orm.jpa.JpaTransactionManager@5a829eed]; rollback [true]
Hibernate: select heater0_.id as id1_1_, heater0_.heater_status as heater_s2_1_, heater0_.name as name3_1_, heater0_.power as power4_1_, heater0_.room_id as room_id5_1_ from heater heater0_ cross join room room1_ where heater0_.room_id=room1_.id and room1_.building_id=?
Hibernate: select room0_.id as id1_2_0_, room0_.building_id as building6_2_0_, room0_.current_temperature as current_2_2_0_, room0_.floor as floor3_2_0_, room0_.name as name4_2_0_, room0_.target_temperature as target_t5_2_0_, building1_.id as id1_0_1_, building1_.name as name2_0_1_, building1_.outside_temperature as outside_3_0_1_ from room room0_ inner join building building1_ on room0_.building_id=building1_.id where room0_.id=?
2022-12-10 12:54:46.964  INFO 31672 --- [    Test worker] o.s.t.c.transaction.TransactionContext   : Rolled back transaction for test: [DefaultTestContext@7134b9d4 testClass = BuildingDaoTest, testInstance = com.emse.spring.faircorp.dao.BuildingDaoTest@7912724, testMethod = shouldFindHeaters@BuildingDaoTest, testException = [null], mergedContextConfiguration = [MergedContextConfiguration@3b4cd78c testClass = BuildingDaoTest, locations = '{}', classes = '{class com.emse.spring.faircorp.Application}', contextInitializerClasses = '[]', activeProfiles = '{}', propertySourceLocations = '{}', propertySourceProperties = '{org.springframework.boot.test.autoconfigure.orm.jpa.DataJpaTestContextBootstrapper=true}', contextCustomizers = set[org.springframework.boot.test.autoconfigure.OverrideAutoConfigurationContextCustomizerFactory$DisableAutoConfigurationContextCustomizer@5ebb736b, org.springframework.boot.test.autoconfigure.actuate.metrics.MetricsExportContextCustomizerFactory$DisableMetricExportContextCustomizer@71b6d77f, org.springframework.boot.test.autoconfigure.filter.TypeExcludeFiltersContextCustomizer@351584c0, org.springframework.boot.test.autoconfigure.properties.PropertyMappingContextCustomizer@18ee91e, org.springframework.boot.test.autoconfigure.web.servlet.WebDriverContextCustomizerFactory$Customizer@278667fd, [ImportsContextCustomizer@625b4c5 key = [org.springframework.boot.autoconfigure.cache.CacheAutoConfiguration, org.springframework.boot.autoconfigure.data.jpa.JpaRepositoriesAutoConfiguration, org.springframework.boot.autoconfigure.flyway.FlywayAutoConfiguration, org.springframework.boot.autoconfigure.jdbc.DataSourceAutoConfiguration, org.springframework.boot.autoconfigure.jdbc.DataSourceTransactionManagerAutoConfiguration, org.springframework.boot.autoconfigure.jdbc.JdbcTemplateAutoConfiguration, org.springframework.boot.autoconfigure.liquibase.LiquibaseAutoConfiguration, org.springframework.boot.autoconfigure.orm.jpa.HibernateJpaAutoConfiguration, org.springframework.boot.autoconfigure.sql.init.SqlInitializationAutoConfiguration, org.springframework.boot.autoconfigure.transaction.TransactionAutoConfiguration, org.springframework.boot.test.autoconfigure.jdbc.TestDatabaseAutoConfiguration, org.springframework.boot.test.autoconfigure.orm.jpa.TestEntityManagerAutoConfiguration]], org.springframework.boot.test.context.filter.ExcludeFilterContextCustomizer@e042c99, org.springframework.boot.test.json.DuplicateJsonObjectContextCustomizerFactory$DuplicateJsonObjectContextCustomizer@2b34e38c, org.springframework.boot.test.mock.mockito.MockitoContextCustomizer@0, org.springframework.boot.test.context.SpringBootTestArgs@1, org.springframework.boot.test.context.SpringBootTestWebEnvironment@0], contextLoader = 'org.springframework.boot.test.context.SpringBootContextLoader', parent = [null]], attributes = map['org.springframework.test.context.event.ApplicationEventsTestExecutionListener.recordApplicationEvents' -> false]]
]]></system-out>
  <system-err><![CDATA[]]></system-err>
</testsuite>
