<?xml version="1.0" encoding="UTF-8"?>
<testsuite name="com.emse.spring.faircorp.dao.BuildingDaoTest" tests="2" skipped="0" failures="0" errors="0" timestamp="2022-12-16T13:51:44" hostname="PEGASUS" time="1.148">
  <properties/>
  <testcase name="shouldFindWindows()" classname="com.emse.spring.faircorp.dao.BuildingDaoTest" time="1.137"/>
  <testcase name="shouldFindHeaters()" classname="com.emse.spring.faircorp.dao.BuildingDaoTest" time="0.01"/>
  <system-out><![CDATA[2022-12-16 14:51:43.139  INFO 20932 --- [    Test worker] b.t.a.o.j.DataJpaTestContextBootstrapper : Neither @ContextConfiguration nor @ContextHierarchy found for test class [com.emse.spring.faircorp.dao.BuildingDaoTest], using SpringBootContextLoader
2022-12-16 14:51:43.139  INFO 20932 --- [    Test worker] o.s.t.c.support.AbstractContextLoader    : Could not detect default resource locations for test class [com.emse.spring.faircorp.dao.BuildingDaoTest]: no resource found for suffixes {-context.xml, Context.groovy}.
2022-12-16 14:51:43.140  INFO 20932 --- [    Test worker] t.c.s.AnnotationConfigContextLoaderUtils : Could not detect default configuration classes for test class [com.emse.spring.faircorp.dao.BuildingDaoTest]: BuildingDaoTest does not declare any static, non-private, non-final, nested classes annotated with @Configuration.
2022-12-16 14:51:43.156  INFO 20932 --- [    Test worker] .b.t.c.SpringBootTestContextBootstrapper : Found @SpringBootConfiguration com.emse.spring.faircorp.Application for test class com.emse.spring.faircorp.dao.BuildingDaoTest
2022-12-16 14:51:43.157  INFO 20932 --- [    Test worker] b.t.a.o.j.DataJpaTestContextBootstrapper : Loaded default TestExecutionListener class names from location [META-INF/spring.factories]: [org.springframework.security.test.context.support.WithSecurityContextTestExecutionListener, org.springframework.security.test.context.support.ReactorContextTestExecutionListener, org.springframework.boot.test.autoconfigure.restdocs.RestDocsTestExecutionListener, org.springframework.boot.test.autoconfigure.web.client.MockRestServiceServerResetTestExecutionListener, org.springframework.boot.test.autoconfigure.web.servlet.MockMvcPrintOnlyOnFailureTestExecutionListener, org.springframework.boot.test.autoconfigure.web.servlet.WebDriverTestExecutionListener, org.springframework.boot.test.autoconfigure.webservices.client.MockWebServiceServerTestExecutionListener, org.springframework.boot.test.mock.mockito.MockitoTestExecutionListener, org.springframework.boot.test.mock.mockito.ResetMocksTestExecutionListener, org.springframework.test.context.web.ServletTestExecutionListener, org.springframework.test.context.support.DirtiesContextBeforeModesTestExecutionListener, org.springframework.test.context.event.ApplicationEventsTestExecutionListener, org.springframework.test.context.support.DependencyInjectionTestExecutionListener, org.springframework.test.context.support.DirtiesContextTestExecutionListener, org.springframework.test.context.transaction.TransactionalTestExecutionListener, org.springframework.test.context.jdbc.SqlScriptsTestExecutionListener, org.springframework.test.context.event.EventPublishingTestExecutionListener]
2022-12-16 14:51:43.159  INFO 20932 --- [    Test worker] b.t.a.o.j.DataJpaTestContextBootstrapper : Using TestExecutionListeners: [org.springframework.test.context.web.ServletTestExecutionListener@7924f5cc, org.springframework.test.context.support.DirtiesContextBeforeModesTestExecutionListener@7dc2d05f, org.springframework.test.context.event.ApplicationEventsTestExecutionListener@52bdfa14, org.springframework.boot.test.mock.mockito.MockitoTestExecutionListener@131e04f8, org.springframework.boot.test.autoconfigure.SpringBootDependencyInjectionTestExecutionListener@4d4a19c2, org.springframework.test.context.support.DirtiesContextTestExecutionListener@26e1681c, org.springframework.test.context.transaction.TransactionalTestExecutionListener@1b315b8e, org.springframework.test.context.jdbc.SqlScriptsTestExecutionListener@78ebb5d4, org.springframework.security.test.context.support.WithSecurityContextTestExecutionListener@65f23702, org.springframework.test.context.event.EventPublishingTestExecutionListener@487e0228, org.springframework.security.test.context.support.ReactorContextTestExecutionListener@5982dd82, org.springframework.boot.test.autoconfigure.restdocs.RestDocsTestExecutionListener@7ce29673, org.springframework.boot.test.autoconfigure.web.client.MockRestServiceServerResetTestExecutionListener@8dce4ca, org.springframework.boot.test.autoconfigure.web.servlet.MockMvcPrintOnlyOnFailureTestExecutionListener@308bd8bb, org.springframework.boot.test.autoconfigure.web.servlet.WebDriverTestExecutionListener@7f2a6de5, org.springframework.boot.test.autoconfigure.webservices.client.MockWebServiceServerTestExecutionListener@17933d7d, org.springframework.boot.test.mock.mockito.ResetMocksTestExecutionListener@780661f1]

  .   ____          _            __ _ _
 /\\ / ___'_ __ _ _(_)_ __  __ _ \ \ \ \
( ( )\___ | '_ | '_| | '_ \/ _` | \ \ \ \
 \\/  ___)| |_)| | | | | || (_| |  ) ) ) )
  '  |____| .__|_| |_|_| |_\__, | / / / /
 =========|_|==============|___/=/_/_/_/
 :: Spring Boot ::                (v2.7.3)

2022-12-16 14:51:43.721  INFO 20932 --- [    Test worker] c.e.spring.faircorp.dao.BuildingDaoTest  : Starting BuildingDaoTest using Java 17.0.4.1 on PEGASUS with PID 20932 (started by kandu in C:\Users\kandu\Documents\EMSE\Web Programming\BackEndRepo)
2022-12-16 14:51:43.721  INFO 20932 --- [    Test worker] c.e.spring.faircorp.dao.BuildingDaoTest  : No active profile set, falling back to 1 default profile: "default"
2022-12-16 14:51:44.327  INFO 20932 --- [    Test worker] .s.d.r.c.RepositoryConfigurationDelegate : Bootstrapping Spring Data JPA repositories in DEFAULT mode.
2022-12-16 14:51:44.353  INFO 20932 --- [    Test worker] .s.d.r.c.RepositoryConfigurationDelegate : Finished Spring Data repository scanning in 25 ms. Found 4 JPA repository interfaces.
2022-12-16 14:51:44.363  INFO 20932 --- [    Test worker] beddedDataSourceBeanFactoryPostProcessor : Replacing 'dataSource' DataSource bean with embedded version
2022-12-16 14:51:44.397  INFO 20932 --- [    Test worker] o.s.j.d.e.EmbeddedDatabaseFactory        : Starting embedded database: url='jdbc:h2:mem:98f42e65-eb5b-4466-9de4-cc10d46f1f49;DB_CLOSE_DELAY=-1;DB_CLOSE_ON_EXIT=false', username='sa'
2022-12-16 14:51:44.478  INFO 20932 --- [    Test worker] o.hibernate.jpa.internal.util.LogHelper  : HHH000204: Processing PersistenceUnitInfo [name: default]
2022-12-16 14:51:44.488  INFO 20932 --- [    Test worker] org.hibernate.dialect.Dialect            : HHH000400: Using dialect: org.hibernate.dialect.H2Dialect
Hibernate: drop table if exists building CASCADE 
Hibernate: drop table if exists heater CASCADE 
Hibernate: drop table if exists room CASCADE 
Hibernate: drop table if exists rwindow CASCADE 
Hibernate: drop sequence if exists hibernate_sequence
Hibernate: create sequence hibernate_sequence start with 1 increment by 1
Hibernate: create table building (id bigint not null, name varchar(255) not null, outside_temperature double, primary key (id))
Hibernate: create table heater (id bigint not null, heater_status varchar(255) not null, name varchar(255) not null, power bigint, room_id bigint not null, primary key (id))
Hibernate: create table room (id bigint not null, current_temperature double, floor integer not null, name varchar(255) not null, target_temperature double, building_id bigint not null, primary key (id))
Hibernate: create table rwindow (id bigint not null, name varchar(255) not null, window_status varchar(255) not null, room_id bigint not null, primary key (id))
Hibernate: alter table heater add constraint FKba10hbsubifukw0monybjx3a0 foreign key (room_id) references room
Hibernate: alter table room add constraint FK4kmfw73x2vpfymk0ml875rh2q foreign key (building_id) references building
Hibernate: alter table rwindow add constraint FK621arbu4dtuis4nf2o3xtapfn foreign key (room_id) references room
2022-12-16 14:51:44.560  INFO 20932 --- [    Test worker] o.h.e.t.j.p.i.JtaPlatformInitiator       : HHH000490: Using JtaPlatform implementation: [org.hibernate.engine.transaction.jta.platform.internal.NoJtaPlatform]
2022-12-16 14:51:44.561  INFO 20932 --- [    Test worker] j.LocalContainerEntityManagerFactoryBean : Initialized JPA EntityManagerFactory for persistence unit 'default'
2022-12-16 14:51:44.820  INFO 20932 --- [    Test worker] c.e.spring.faircorp.dao.BuildingDaoTest  : Started BuildingDaoTest in 1.657 seconds (JVM running for 43.585)
2022-12-16 14:51:44.840  INFO 20932 --- [    Test worker] o.s.t.c.transaction.TransactionContext   : Began transaction (1) for test context [DefaultTestContext@7a87a40 testClass = BuildingDaoTest, testInstance = com.emse.spring.faircorp.dao.BuildingDaoTest@2a5a573b, testMethod = shouldFindWindows@BuildingDaoTest, testException = [null], mergedContextConfiguration = [MergedContextConfiguration@46bcce3d testClass = BuildingDaoTest, locations = '{}', classes = '{class com.emse.spring.faircorp.Application}', contextInitializerClasses = '[]', activeProfiles = '{}', propertySourceLocations = '{}', propertySourceProperties = '{org.springframework.boot.test.autoconfigure.orm.jpa.DataJpaTestContextBootstrapper=true}', contextCustomizers = set[org.springframework.boot.test.autoconfigure.OverrideAutoConfigurationContextCustomizerFactory$DisableAutoConfigurationContextCustomizer@1c3b3d09, org.springframework.boot.test.autoconfigure.actuate.metrics.MetricsExportContextCustomizerFactory$DisableMetricExportContextCustomizer@71b6d77f, org.springframework.boot.test.autoconfigure.filter.TypeExcludeFiltersContextCustomizer@351584c0, org.springframework.boot.test.autoconfigure.properties.PropertyMappingContextCustomizer@18ee91e, org.springframework.boot.test.autoconfigure.web.servlet.WebDriverContextCustomizerFactory$Customizer@278667fd, [ImportsContextCustomizer@25a4c0a2 key = [org.springframework.boot.autoconfigure.cache.CacheAutoConfiguration, org.springframework.boot.autoconfigure.data.jpa.JpaRepositoriesAutoConfiguration, org.springframework.boot.autoconfigure.flyway.FlywayAutoConfiguration, org.springframework.boot.autoconfigure.jdbc.DataSourceAutoConfiguration, org.springframework.boot.autoconfigure.jdbc.DataSourceTransactionManagerAutoConfiguration, org.springframework.boot.autoconfigure.jdbc.JdbcTemplateAutoConfiguration, org.springframework.boot.autoconfigure.liquibase.LiquibaseAutoConfiguration, org.springframework.boot.autoconfigure.orm.jpa.HibernateJpaAutoConfiguration, org.springframework.boot.autoconfigure.sql.init.SqlInitializationAutoConfiguration, org.springframework.boot.autoconfigure.transaction.TransactionAutoConfiguration, org.springframework.boot.test.autoconfigure.jdbc.TestDatabaseAutoConfiguration, org.springframework.boot.test.autoconfigure.orm.jpa.TestEntityManagerAutoConfiguration]], org.springframework.boot.test.context.filter.ExcludeFilterContextCustomizer@e042c99, org.springframework.boot.test.json.DuplicateJsonObjectContextCustomizerFactory$DuplicateJsonObjectContextCustomizer@2b34e38c, org.springframework.boot.test.mock.mockito.MockitoContextCustomizer@0, org.springframework.boot.test.context.SpringBootTestArgs@1, org.springframework.boot.test.context.SpringBootTestWebEnvironment@0], contextLoader = 'org.springframework.boot.test.context.SpringBootContextLoader', parent = [null]], attributes = map['org.springframework.test.context.event.ApplicationEventsTestExecutionListener.recordApplicationEvents' -> false]]; transaction manager [org.springframework.orm.jpa.JpaTransactionManager@2d5aa564]; rollback [true]
Hibernate: select window0_.id as id1_3_, window0_.name as name2_3_, window0_.room_id as room_id4_3_, window0_.window_status as window_s3_3_ from rwindow window0_ cross join room room1_ where window0_.room_id=room1_.id and room1_.building_id=?
Hibernate: select room0_.id as id1_2_0_, room0_.building_id as building6_2_0_, room0_.current_temperature as current_2_2_0_, room0_.floor as floor3_2_0_, room0_.name as name4_2_0_, room0_.target_temperature as target_t5_2_0_, building1_.id as id1_0_1_, building1_.name as name2_0_1_, building1_.outside_temperature as outside_3_0_1_ from room room0_ inner join building building1_ on room0_.building_id=building1_.id where room0_.id=?
Hibernate: select room0_.id as id1_2_0_, room0_.building_id as building6_2_0_, room0_.current_temperature as current_2_2_0_, room0_.floor as floor3_2_0_, room0_.name as name4_2_0_, room0_.target_temperature as target_t5_2_0_, building1_.id as id1_0_1_, building1_.name as name2_0_1_, building1_.outside_temperature as outside_3_0_1_ from room room0_ inner join building building1_ on room0_.building_id=building1_.id where room0_.id=?
2022-12-16 14:51:45.959  INFO 20932 --- [    Test worker] o.s.t.c.transaction.TransactionContext   : Rolled back transaction for test: [DefaultTestContext@7a87a40 testClass = BuildingDaoTest, testInstance = com.emse.spring.faircorp.dao.BuildingDaoTest@2a5a573b, testMethod = shouldFindWindows@BuildingDaoTest, testException = [null], mergedContextConfiguration = [MergedContextConfiguration@46bcce3d testClass = BuildingDaoTest, locations = '{}', classes = '{class com.emse.spring.faircorp.Application}', contextInitializerClasses = '[]', activeProfiles = '{}', propertySourceLocations = '{}', propertySourceProperties = '{org.springframework.boot.test.autoconfigure.orm.jpa.DataJpaTestContextBootstrapper=true}', contextCustomizers = set[org.springframework.boot.test.autoconfigure.OverrideAutoConfigurationContextCustomizerFactory$DisableAutoConfigurationContextCustomizer@1c3b3d09, org.springframework.boot.test.autoconfigure.actuate.metrics.MetricsExportContextCustomizerFactory$DisableMetricExportContextCustomizer@71b6d77f, org.springframework.boot.test.autoconfigure.filter.TypeExcludeFiltersContextCustomizer@351584c0, org.springframework.boot.test.autoconfigure.properties.PropertyMappingContextCustomizer@18ee91e, org.springframework.boot.test.autoconfigure.web.servlet.WebDriverContextCustomizerFactory$Customizer@278667fd, [ImportsContextCustomizer@25a4c0a2 key = [org.springframework.boot.autoconfigure.cache.CacheAutoConfiguration, org.springframework.boot.autoconfigure.data.jpa.JpaRepositoriesAutoConfiguration, org.springframework.boot.autoconfigure.flyway.FlywayAutoConfiguration, org.springframework.boot.autoconfigure.jdbc.DataSourceAutoConfiguration, org.springframework.boot.autoconfigure.jdbc.DataSourceTransactionManagerAutoConfiguration, org.springframework.boot.autoconfigure.jdbc.JdbcTemplateAutoConfiguration, org.springframework.boot.autoconfigure.liquibase.LiquibaseAutoConfiguration, org.springframework.boot.autoconfigure.orm.jpa.HibernateJpaAutoConfiguration, org.springframework.boot.autoconfigure.sql.init.SqlInitializationAutoConfiguration, org.springframework.boot.autoconfigure.transaction.TransactionAutoConfiguration, org.springframework.boot.test.autoconfigure.jdbc.TestDatabaseAutoConfiguration, org.springframework.boot.test.autoconfigure.orm.jpa.TestEntityManagerAutoConfiguration]], org.springframework.boot.test.context.filter.ExcludeFilterContextCustomizer@e042c99, org.springframework.boot.test.json.DuplicateJsonObjectContextCustomizerFactory$DuplicateJsonObjectContextCustomizer@2b34e38c, org.springframework.boot.test.mock.mockito.MockitoContextCustomizer@0, org.springframework.boot.test.context.SpringBootTestArgs@1, org.springframework.boot.test.context.SpringBootTestWebEnvironment@0], contextLoader = 'org.springframework.boot.test.context.SpringBootContextLoader', parent = [null]], attributes = map['org.springframework.test.context.event.ApplicationEventsTestExecutionListener.recordApplicationEvents' -> false]]
2022-12-16 14:51:45.962  INFO 20932 --- [    Test worker] o.s.t.c.transaction.TransactionContext   : Began transaction (1) for test context [DefaultTestContext@7a87a40 testClass = BuildingDaoTest, testInstance = com.emse.spring.faircorp.dao.BuildingDaoTest@40e55d45, testMethod = shouldFindHeaters@BuildingDaoTest, testException = [null], mergedContextConfiguration = [MergedContextConfiguration@46bcce3d testClass = BuildingDaoTest, locations = '{}', classes = '{class com.emse.spring.faircorp.Application}', contextInitializerClasses = '[]', activeProfiles = '{}', propertySourceLocations = '{}', propertySourceProperties = '{org.springframework.boot.test.autoconfigure.orm.jpa.DataJpaTestContextBootstrapper=true}', contextCustomizers = set[org.springframework.boot.test.autoconfigure.OverrideAutoConfigurationContextCustomizerFactory$DisableAutoConfigurationContextCustomizer@1c3b3d09, org.springframework.boot.test.autoconfigure.actuate.metrics.MetricsExportContextCustomizerFactory$DisableMetricExportContextCustomizer@71b6d77f, org.springframework.boot.test.autoconfigure.filter.TypeExcludeFiltersContextCustomizer@351584c0, org.springframework.boot.test.autoconfigure.properties.PropertyMappingContextCustomizer@18ee91e, org.springframework.boot.test.autoconfigure.web.servlet.WebDriverContextCustomizerFactory$Customizer@278667fd, [ImportsContextCustomizer@25a4c0a2 key = [org.springframework.boot.autoconfigure.cache.CacheAutoConfiguration, org.springframework.boot.autoconfigure.data.jpa.JpaRepositoriesAutoConfiguration, org.springframework.boot.autoconfigure.flyway.FlywayAutoConfiguration, org.springframework.boot.autoconfigure.jdbc.DataSourceAutoConfiguration, org.springframework.boot.autoconfigure.jdbc.DataSourceTransactionManagerAutoConfiguration, org.springframework.boot.autoconfigure.jdbc.JdbcTemplateAutoConfiguration, org.springframework.boot.autoconfigure.liquibase.LiquibaseAutoConfiguration, org.springframework.boot.autoconfigure.orm.jpa.HibernateJpaAutoConfiguration, org.springframework.boot.autoconfigure.sql.init.SqlInitializationAutoConfiguration, org.springframework.boot.autoconfigure.transaction.TransactionAutoConfiguration, org.springframework.boot.test.autoconfigure.jdbc.TestDatabaseAutoConfiguration, org.springframework.boot.test.autoconfigure.orm.jpa.TestEntityManagerAutoConfiguration]], org.springframework.boot.test.context.filter.ExcludeFilterContextCustomizer@e042c99, org.springframework.boot.test.json.DuplicateJsonObjectContextCustomizerFactory$DuplicateJsonObjectContextCustomizer@2b34e38c, org.springframework.boot.test.mock.mockito.MockitoContextCustomizer@0, org.springframework.boot.test.context.SpringBootTestArgs@1, org.springframework.boot.test.context.SpringBootTestWebEnvironment@0], contextLoader = 'org.springframework.boot.test.context.SpringBootContextLoader', parent = [null]], attributes = map['org.springframework.test.context.event.ApplicationEventsTestExecutionListener.recordApplicationEvents' -> false]]; transaction manager [org.springframework.orm.jpa.JpaTransactionManager@2d5aa564]; rollback [true]
Hibernate: select heater0_.id as id1_1_, heater0_.heater_status as heater_s2_1_, heater0_.name as name3_1_, heater0_.power as power4_1_, heater0_.room_id as room_id5_1_ from heater heater0_ cross join room room1_ where heater0_.room_id=room1_.id and room1_.building_id=?
Hibernate: select room0_.id as id1_2_0_, room0_.building_id as building6_2_0_, room0_.current_temperature as current_2_2_0_, room0_.floor as floor3_2_0_, room0_.name as name4_2_0_, room0_.target_temperature as target_t5_2_0_, building1_.id as id1_0_1_, building1_.name as name2_0_1_, building1_.outside_temperature as outside_3_0_1_ from room room0_ inner join building building1_ on room0_.building_id=building1_.id where room0_.id=?
2022-12-16 14:51:45.971  INFO 20932 --- [    Test worker] o.s.t.c.transaction.TransactionContext   : Rolled back transaction for test: [DefaultTestContext@7a87a40 testClass = BuildingDaoTest, testInstance = com.emse.spring.faircorp.dao.BuildingDaoTest@40e55d45, testMethod = shouldFindHeaters@BuildingDaoTest, testException = [null], mergedContextConfiguration = [MergedContextConfiguration@46bcce3d testClass = BuildingDaoTest, locations = '{}', classes = '{class com.emse.spring.faircorp.Application}', contextInitializerClasses = '[]', activeProfiles = '{}', propertySourceLocations = '{}', propertySourceProperties = '{org.springframework.boot.test.autoconfigure.orm.jpa.DataJpaTestContextBootstrapper=true}', contextCustomizers = set[org.springframework.boot.test.autoconfigure.OverrideAutoConfigurationContextCustomizerFactory$DisableAutoConfigurationContextCustomizer@1c3b3d09, org.springframework.boot.test.autoconfigure.actuate.metrics.MetricsExportContextCustomizerFactory$DisableMetricExportContextCustomizer@71b6d77f, org.springframework.boot.test.autoconfigure.filter.TypeExcludeFiltersContextCustomizer@351584c0, org.springframework.boot.test.autoconfigure.properties.PropertyMappingContextCustomizer@18ee91e, org.springframework.boot.test.autoconfigure.web.servlet.WebDriverContextCustomizerFactory$Customizer@278667fd, [ImportsContextCustomizer@25a4c0a2 key = [org.springframework.boot.autoconfigure.cache.CacheAutoConfiguration, org.springframework.boot.autoconfigure.data.jpa.JpaRepositoriesAutoConfiguration, org.springframework.boot.autoconfigure.flyway.FlywayAutoConfiguration, org.springframework.boot.autoconfigure.jdbc.DataSourceAutoConfiguration, org.springframework.boot.autoconfigure.jdbc.DataSourceTransactionManagerAutoConfiguration, org.springframework.boot.autoconfigure.jdbc.JdbcTemplateAutoConfiguration, org.springframework.boot.autoconfigure.liquibase.LiquibaseAutoConfiguration, org.springframework.boot.autoconfigure.orm.jpa.HibernateJpaAutoConfiguration, org.springframework.boot.autoconfigure.sql.init.SqlInitializationAutoConfiguration, org.springframework.boot.autoconfigure.transaction.TransactionAutoConfiguration, org.springframework.boot.test.autoconfigure.jdbc.TestDatabaseAutoConfiguration, org.springframework.boot.test.autoconfigure.orm.jpa.TestEntityManagerAutoConfiguration]], org.springframework.boot.test.context.filter.ExcludeFilterContextCustomizer@e042c99, org.springframework.boot.test.json.DuplicateJsonObjectContextCustomizerFactory$DuplicateJsonObjectContextCustomizer@2b34e38c, org.springframework.boot.test.mock.mockito.MockitoContextCustomizer@0, org.springframework.boot.test.context.SpringBootTestArgs@1, org.springframework.boot.test.context.SpringBootTestWebEnvironment@0], contextLoader = 'org.springframework.boot.test.context.SpringBootContextLoader', parent = [null]], attributes = map['org.springframework.test.context.event.ApplicationEventsTestExecutionListener.recordApplicationEvents' -> false]]
]]></system-out>
  <system-err><![CDATA[]]></system-err>
</testsuite>
