<?xml version="1.0" encoding="UTF-8"?>
<testsuite name="com.emse.spring.faircorp.dao.BuildingDaoTest" tests="1" skipped="0" failures="0" errors="0" timestamp="2022-09-27T08:55:31" hostname="PEGASUS" time="1.845">
  <properties/>
  <testcase name="shouldFindHeaters()" classname="com.emse.spring.faircorp.dao.BuildingDaoTest" time="1.845"/>
  <system-out><![CDATA[10:55:14.691 [Test worker] DEBUG org.springframework.test.context.BootstrapUtils - Instantiating CacheAwareContextLoaderDelegate from class [org.springframework.test.context.cache.DefaultCacheAwareContextLoaderDelegate]
10:55:14.748 [Test worker] DEBUG org.springframework.test.context.BootstrapUtils - Instantiating BootstrapContext using constructor [public org.springframework.test.context.support.DefaultBootstrapContext(java.lang.Class,org.springframework.test.context.CacheAwareContextLoaderDelegate)]
10:55:14.941 [Test worker] DEBUG org.springframework.test.context.BootstrapUtils - Instantiating TestContextBootstrapper for test class [com.emse.spring.faircorp.dao.BuildingDaoTest] from class [org.springframework.boot.test.autoconfigure.orm.jpa.DataJpaTestContextBootstrapper]
10:55:15.006 [Test worker] INFO org.springframework.boot.test.autoconfigure.orm.jpa.DataJpaTestContextBootstrapper - Neither @ContextConfiguration nor @ContextHierarchy found for test class [com.emse.spring.faircorp.dao.BuildingDaoTest], using SpringBootContextLoader
10:55:15.022 [Test worker] DEBUG org.springframework.test.context.support.AbstractContextLoader - Did not detect default resource location for test class [com.emse.spring.faircorp.dao.BuildingDaoTest]: class path resource [com/emse/spring/faircorp/dao/BuildingDaoTest-context.xml] does not exist
10:55:15.024 [Test worker] DEBUG org.springframework.test.context.support.AbstractContextLoader - Did not detect default resource location for test class [com.emse.spring.faircorp.dao.BuildingDaoTest]: class path resource [com/emse/spring/faircorp/dao/BuildingDaoTestContext.groovy] does not exist
10:55:15.024 [Test worker] INFO org.springframework.test.context.support.AbstractContextLoader - Could not detect default resource locations for test class [com.emse.spring.faircorp.dao.BuildingDaoTest]: no resource found for suffixes {-context.xml, Context.groovy}.
10:55:15.026 [Test worker] INFO org.springframework.test.context.support.AnnotationConfigContextLoaderUtils - Could not detect default configuration classes for test class [com.emse.spring.faircorp.dao.BuildingDaoTest]: BuildingDaoTest does not declare any static, non-private, non-final, nested classes annotated with @Configuration.
10:55:15.370 [Test worker] DEBUG org.springframework.test.context.support.ActiveProfilesUtils - Could not find an 'annotation declaring class' for annotation type [org.springframework.test.context.ActiveProfiles] and class [com.emse.spring.faircorp.dao.BuildingDaoTest]
10:55:15.642 [Test worker] DEBUG org.springframework.context.annotation.ClassPathScanningCandidateComponentProvider - Identified candidate component class: file [C:\Users\kandu\Documents\EMSE\Web Programming\Web_Project_EMSE\faircorp_\faircorp_\build\classes\java\main\com\emse\spring\faircorp\Application.class]
10:55:15.654 [Test worker] INFO org.springframework.boot.test.context.SpringBootTestContextBootstrapper - Found @SpringBootConfiguration com.emse.spring.faircorp.Application for test class com.emse.spring.faircorp.dao.BuildingDaoTest
10:55:15.667 [Test worker] DEBUG org.springframework.boot.test.autoconfigure.orm.jpa.DataJpaTestContextBootstrapper - @TestExecutionListeners is not present for class [com.emse.spring.faircorp.dao.BuildingDaoTest]: using defaults.
10:55:15.669 [Test worker] INFO org.springframework.boot.test.autoconfigure.orm.jpa.DataJpaTestContextBootstrapper - Loaded default TestExecutionListener class names from location [META-INF/spring.factories]: [org.springframework.boot.test.autoconfigure.restdocs.RestDocsTestExecutionListener, org.springframework.boot.test.autoconfigure.web.client.MockRestServiceServerResetTestExecutionListener, org.springframework.boot.test.autoconfigure.web.servlet.MockMvcPrintOnlyOnFailureTestExecutionListener, org.springframework.boot.test.autoconfigure.web.servlet.WebDriverTestExecutionListener, org.springframework.boot.test.autoconfigure.webservices.client.MockWebServiceServerTestExecutionListener, org.springframework.boot.test.mock.mockito.MockitoTestExecutionListener, org.springframework.boot.test.mock.mockito.ResetMocksTestExecutionListener, org.springframework.test.context.web.ServletTestExecutionListener, org.springframework.test.context.support.DirtiesContextBeforeModesTestExecutionListener, org.springframework.test.context.event.ApplicationEventsTestExecutionListener, org.springframework.test.context.support.DependencyInjectionTestExecutionListener, org.springframework.test.context.support.DirtiesContextTestExecutionListener, org.springframework.test.context.transaction.TransactionalTestExecutionListener, org.springframework.test.context.jdbc.SqlScriptsTestExecutionListener, org.springframework.test.context.event.EventPublishingTestExecutionListener]
10:55:15.763 [Test worker] INFO org.springframework.boot.test.autoconfigure.orm.jpa.DataJpaTestContextBootstrapper - Using TestExecutionListeners: [org.springframework.test.context.web.ServletTestExecutionListener@2c88b9fc, org.springframework.test.context.support.DirtiesContextBeforeModesTestExecutionListener@64dafeed, org.springframework.test.context.event.ApplicationEventsTestExecutionListener@388ba540, org.springframework.boot.test.mock.mockito.MockitoTestExecutionListener@47605f2f, org.springframework.boot.test.autoconfigure.SpringBootDependencyInjectionTestExecutionListener@2ece4966, org.springframework.test.context.support.DirtiesContextTestExecutionListener@1dd0e7c4, org.springframework.test.context.transaction.TransactionalTestExecutionListener@7894f09b, org.springframework.test.context.jdbc.SqlScriptsTestExecutionListener@3d484181, org.springframework.test.context.event.EventPublishingTestExecutionListener@6111ba37, org.springframework.boot.test.autoconfigure.restdocs.RestDocsTestExecutionListener@7be58f16, org.springframework.boot.test.autoconfigure.web.client.MockRestServiceServerResetTestExecutionListener@242aa8d9, org.springframework.boot.test.autoconfigure.web.servlet.MockMvcPrintOnlyOnFailureTestExecutionListener@5b11a194, org.springframework.boot.test.autoconfigure.web.servlet.WebDriverTestExecutionListener@37bd68c3, org.springframework.boot.test.autoconfigure.webservices.client.MockWebServiceServerTestExecutionListener@60f7cc1d, org.springframework.boot.test.mock.mockito.ResetMocksTestExecutionListener@11eadcba]
10:55:15.780 [Test worker] DEBUG org.springframework.test.context.support.AbstractDirtiesContextTestExecutionListener - Before test class: context [DefaultTestContext@4e28bdd1 testClass = BuildingDaoTest, testInstance = [null], testMethod = [null], testException = [null], mergedContextConfiguration = [MergedContextConfiguration@53f48368 testClass = BuildingDaoTest, locations = '{}', classes = '{class com.emse.spring.faircorp.Application}', contextInitializerClasses = '[]', activeProfiles = '{}', propertySourceLocations = '{}', propertySourceProperties = '{org.springframework.boot.test.autoconfigure.orm.jpa.DataJpaTestContextBootstrapper=true}', contextCustomizers = set[org.springframework.boot.test.autoconfigure.OverrideAutoConfigurationContextCustomizerFactory$DisableAutoConfigurationContextCustomizer@57abad67, org.springframework.boot.test.autoconfigure.actuate.metrics.MetricsExportContextCustomizerFactory$DisableMetricExportContextCustomizer@5d8bafa9, org.springframework.boot.test.autoconfigure.filter.TypeExcludeFiltersContextCustomizer@351584c0, org.springframework.boot.test.autoconfigure.properties.PropertyMappingContextCustomizer@95f318ee, org.springframework.boot.test.autoconfigure.web.servlet.WebDriverContextCustomizerFactory$Customizer@4a194c39, [ImportsContextCustomizer@24d4d7c9 key = [org.springframework.boot.autoconfigure.cache.CacheAutoConfiguration, org.springframework.boot.autoconfigure.data.jpa.JpaRepositoriesAutoConfiguration, org.springframework.boot.autoconfigure.flyway.FlywayAutoConfiguration, org.springframework.boot.autoconfigure.jdbc.DataSourceAutoConfiguration, org.springframework.boot.autoconfigure.jdbc.DataSourceTransactionManagerAutoConfiguration, org.springframework.boot.autoconfigure.jdbc.JdbcTemplateAutoConfiguration, org.springframework.boot.autoconfigure.liquibase.LiquibaseAutoConfiguration, org.springframework.boot.autoconfigure.orm.jpa.HibernateJpaAutoConfiguration, org.springframework.boot.autoconfigure.sql.init.SqlInitializationAutoConfiguration, org.springframework.boot.autoconfigure.transaction.TransactionAutoConfiguration, org.springframework.boot.test.autoconfigure.jdbc.TestDatabaseAutoConfiguration, org.springframework.boot.test.autoconfigure.orm.jpa.TestEntityManagerAutoConfiguration]], org.springframework.boot.test.context.filter.ExcludeFilterContextCustomizer@753432a2, org.springframework.boot.test.json.DuplicateJsonObjectContextCustomizerFactory$DuplicateJsonObjectContextCustomizer@44e3a2b2, org.springframework.boot.test.mock.mockito.MockitoContextCustomizer@0, org.springframework.boot.test.context.SpringBootTestArgs@1, org.springframework.boot.test.context.SpringBootTestWebEnvironment@0], contextLoader = 'org.springframework.boot.test.context.SpringBootContextLoader', parent = [null]], attributes = map[[empty]]], class annotated with @DirtiesContext [false] with mode [null].
10:55:15.843 [Test worker] DEBUG org.springframework.test.context.support.DependencyInjectionTestExecutionListener - Performing dependency injection for test context [[DefaultTestContext@4e28bdd1 testClass = BuildingDaoTest, testInstance = com.emse.spring.faircorp.dao.BuildingDaoTest@73ff4fae, testMethod = [null], testException = [null], mergedContextConfiguration = [MergedContextConfiguration@53f48368 testClass = BuildingDaoTest, locations = '{}', classes = '{class com.emse.spring.faircorp.Application}', contextInitializerClasses = '[]', activeProfiles = '{}', propertySourceLocations = '{}', propertySourceProperties = '{org.springframework.boot.test.autoconfigure.orm.jpa.DataJpaTestContextBootstrapper=true}', contextCustomizers = set[org.springframework.boot.test.autoconfigure.OverrideAutoConfigurationContextCustomizerFactory$DisableAutoConfigurationContextCustomizer@57abad67, org.springframework.boot.test.autoconfigure.actuate.metrics.MetricsExportContextCustomizerFactory$DisableMetricExportContextCustomizer@5d8bafa9, org.springframework.boot.test.autoconfigure.filter.TypeExcludeFiltersContextCustomizer@351584c0, org.springframework.boot.test.autoconfigure.properties.PropertyMappingContextCustomizer@95f318ee, org.springframework.boot.test.autoconfigure.web.servlet.WebDriverContextCustomizerFactory$Customizer@4a194c39, [ImportsContextCustomizer@24d4d7c9 key = [org.springframework.boot.autoconfigure.cache.CacheAutoConfiguration, org.springframework.boot.autoconfigure.data.jpa.JpaRepositoriesAutoConfiguration, org.springframework.boot.autoconfigure.flyway.FlywayAutoConfiguration, org.springframework.boot.autoconfigure.jdbc.DataSourceAutoConfiguration, org.springframework.boot.autoconfigure.jdbc.DataSourceTransactionManagerAutoConfiguration, org.springframework.boot.autoconfigure.jdbc.JdbcTemplateAutoConfiguration, org.springframework.boot.autoconfigure.liquibase.LiquibaseAutoConfiguration, org.springframework.boot.autoconfigure.orm.jpa.HibernateJpaAutoConfiguration, org.springframework.boot.autoconfigure.sql.init.SqlInitializationAutoConfiguration, org.springframework.boot.autoconfigure.transaction.TransactionAutoConfiguration, org.springframework.boot.test.autoconfigure.jdbc.TestDatabaseAutoConfiguration, org.springframework.boot.test.autoconfigure.orm.jpa.TestEntityManagerAutoConfiguration]], org.springframework.boot.test.context.filter.ExcludeFilterContextCustomizer@753432a2, org.springframework.boot.test.json.DuplicateJsonObjectContextCustomizerFactory$DuplicateJsonObjectContextCustomizer@44e3a2b2, org.springframework.boot.test.mock.mockito.MockitoContextCustomizer@0, org.springframework.boot.test.context.SpringBootTestArgs@1, org.springframework.boot.test.context.SpringBootTestWebEnvironment@0], contextLoader = 'org.springframework.boot.test.context.SpringBootContextLoader', parent = [null]], attributes = map['org.springframework.test.context.event.ApplicationEventsTestExecutionListener.recordApplicationEvents' -> false]]].

  .   ____          _            __ _ _
 /\\ / ___'_ __ _ _(_)_ __  __ _ \ \ \ \
( ( )\___ | '_ | '_| | '_ \/ _` | \ \ \ \
 \\/  ___)| |_)| | | | | || (_| |  ) ) ) )
  '  |____| .__|_| |_|_| |_\__, | / / / /
 =========|_|==============|___/=/_/_/_/
 :: Spring Boot ::                (v2.7.3)

2022-09-27 10:55:17.917  INFO 31260 --- [    Test worker] c.e.spring.faircorp.dao.BuildingDaoTest  : Starting BuildingDaoTest using Java 17.0.4.1 on PEGASUS with PID 31260 (started by kandu in C:\Users\kandu\Documents\EMSE\Web Programming\Web_Project_EMSE\faircorp_\faircorp_)
2022-09-27 10:55:17.921  INFO 31260 --- [    Test worker] c.e.spring.faircorp.dao.BuildingDaoTest  : No active profile set, falling back to 1 default profile: "default"
2022-09-27 10:55:19.943  INFO 31260 --- [    Test worker] .s.d.r.c.RepositoryConfigurationDelegate : Bootstrapping Spring Data JPA repositories in DEFAULT mode.
2022-09-27 10:55:20.343  INFO 31260 --- [    Test worker] .s.d.r.c.RepositoryConfigurationDelegate : Finished Spring Data repository scanning in 363 ms. Found 4 JPA repository interfaces.
2022-09-27 10:55:20.612  INFO 31260 --- [    Test worker] beddedDataSourceBeanFactoryPostProcessor : Replacing 'dataSource' DataSource bean with embedded version
2022-09-27 10:55:21.262  INFO 31260 --- [    Test worker] o.s.j.d.e.EmbeddedDatabaseFactory        : Starting embedded database: url='jdbc:h2:mem:30018816-8b23-4c31-9182-791248dd281a;DB_CLOSE_DELAY=-1;DB_CLOSE_ON_EXIT=false', username='sa'
2022-09-27 10:55:23.144  INFO 31260 --- [    Test worker] o.hibernate.jpa.internal.util.LogHelper  : HHH000204: Processing PersistenceUnitInfo [name: default]
2022-09-27 10:55:23.447  INFO 31260 --- [    Test worker] org.hibernate.Version                    : HHH000412: Hibernate ORM core version 5.6.10.Final
2022-09-27 10:55:24.271  INFO 31260 --- [    Test worker] o.hibernate.annotations.common.Version   : HCANN000001: Hibernate Commons Annotations {5.1.2.Final}
2022-09-27 10:55:24.979  INFO 31260 --- [    Test worker] org.hibernate.dialect.Dialect            : HHH000400: Using dialect: org.hibernate.dialect.H2Dialect
Hibernate: drop table if exists building CASCADE 
Hibernate: drop table if exists heater CASCADE 
Hibernate: drop table if exists room CASCADE 
Hibernate: drop table if exists rwindow CASCADE 
Hibernate: drop sequence if exists hibernate_sequence
Hibernate: create sequence hibernate_sequence start with 1 increment by 1
Hibernate: create table building (id bigint not null, name varchar(255) not null, outside_temperature double, primary key (id))
Hibernate: create table heater (id bigint not null, heater_status varchar(255) not null, name varchar(255) not null, power bigint, room_id bigint not null, primary key (id))
Hibernate: create table room (id bigint not null, current_temperature double, floor integer not null, name varchar(255) not null, target_temperature double, building_id bigint not null, primary key (id))
Hibernate: create table rwindow (id bigint not null, name varchar(255) not null, window_status varchar(255) not null, room_id bigint not null, primary key (id))
Hibernate: alter table heater add constraint FKba10hbsubifukw0monybjx3a0 foreign key (room_id) references room
Hibernate: alter table room add constraint FK4kmfw73x2vpfymk0ml875rh2q foreign key (building_id) references building
Hibernate: alter table rwindow add constraint FK621arbu4dtuis4nf2o3xtapfn foreign key (room_id) references room
2022-09-27 10:55:28.422  INFO 31260 --- [    Test worker] o.h.e.t.j.p.i.JtaPlatformInitiator       : HHH000490: Using JtaPlatform implementation: [org.hibernate.engine.transaction.jta.platform.internal.NoJtaPlatform]
2022-09-27 10:55:28.467  INFO 31260 --- [    Test worker] j.LocalContainerEntityManagerFactoryBean : Initialized JPA EntityManagerFactory for persistence unit 'default'
2022-09-27 10:55:31.845  INFO 31260 --- [    Test worker] c.e.spring.faircorp.dao.BuildingDaoTest  : Started BuildingDaoTest in 15.842 seconds (JVM running for 21.265)
2022-09-27 10:55:32.084  INFO 31260 --- [    Test worker] o.s.t.c.transaction.TransactionContext   : Began transaction (1) for test context [DefaultTestContext@4e28bdd1 testClass = BuildingDaoTest, testInstance = com.emse.spring.faircorp.dao.BuildingDaoTest@73ff4fae, testMethod = shouldFindHeaters@BuildingDaoTest, testException = [null], mergedContextConfiguration = [MergedContextConfiguration@53f48368 testClass = BuildingDaoTest, locations = '{}', classes = '{class com.emse.spring.faircorp.Application}', contextInitializerClasses = '[]', activeProfiles = '{}', propertySourceLocations = '{}', propertySourceProperties = '{org.springframework.boot.test.autoconfigure.orm.jpa.DataJpaTestContextBootstrapper=true}', contextCustomizers = set[org.springframework.boot.test.autoconfigure.OverrideAutoConfigurationContextCustomizerFactory$DisableAutoConfigurationContextCustomizer@57abad67, org.springframework.boot.test.autoconfigure.actuate.metrics.MetricsExportContextCustomizerFactory$DisableMetricExportContextCustomizer@5d8bafa9, org.springframework.boot.test.autoconfigure.filter.TypeExcludeFiltersContextCustomizer@351584c0, org.springframework.boot.test.autoconfigure.properties.PropertyMappingContextCustomizer@95f318ee, org.springframework.boot.test.autoconfigure.web.servlet.WebDriverContextCustomizerFactory$Customizer@4a194c39, [ImportsContextCustomizer@24d4d7c9 key = [org.springframework.boot.autoconfigure.cache.CacheAutoConfiguration, org.springframework.boot.autoconfigure.data.jpa.JpaRepositoriesAutoConfiguration, org.springframework.boot.autoconfigure.flyway.FlywayAutoConfiguration, org.springframework.boot.autoconfigure.jdbc.DataSourceAutoConfiguration, org.springframework.boot.autoconfigure.jdbc.DataSourceTransactionManagerAutoConfiguration, org.springframework.boot.autoconfigure.jdbc.JdbcTemplateAutoConfiguration, org.springframework.boot.autoconfigure.liquibase.LiquibaseAutoConfiguration, org.springframework.boot.autoconfigure.orm.jpa.HibernateJpaAutoConfiguration, org.springframework.boot.autoconfigure.sql.init.SqlInitializationAutoConfiguration, org.springframework.boot.autoconfigure.transaction.TransactionAutoConfiguration, org.springframework.boot.test.autoconfigure.jdbc.TestDatabaseAutoConfiguration, org.springframework.boot.test.autoconfigure.orm.jpa.TestEntityManagerAutoConfiguration]], org.springframework.boot.test.context.filter.ExcludeFilterContextCustomizer@753432a2, org.springframework.boot.test.json.DuplicateJsonObjectContextCustomizerFactory$DuplicateJsonObjectContextCustomizer@44e3a2b2, org.springframework.boot.test.mock.mockito.MockitoContextCustomizer@0, org.springframework.boot.test.context.SpringBootTestArgs@1, org.springframework.boot.test.context.SpringBootTestWebEnvironment@0], contextLoader = 'org.springframework.boot.test.context.SpringBootContextLoader', parent = [null]], attributes = map['org.springframework.test.context.event.ApplicationEventsTestExecutionListener.recordApplicationEvents' -> false]]; transaction manager [org.springframework.orm.jpa.JpaTransactionManager@527d5e48]; rollback [true]
Hibernate: select heater0_.id as id1_1_, heater0_.heater_status as heater_s2_1_, heater0_.name as name3_1_, heater0_.power as power4_1_, heater0_.room_id as room_id5_1_ from heater heater0_ cross join room room1_ where heater0_.room_id=room1_.id and room1_.building_id=?
Hibernate: select room0_.id as id1_2_0_, room0_.building_id as building6_2_0_, room0_.current_temperature as current_2_2_0_, room0_.floor as floor3_2_0_, room0_.name as name4_2_0_, room0_.target_temperature as target_t5_2_0_, building1_.id as id1_0_1_, building1_.name as name2_0_1_, building1_.outside_temperature as outside_3_0_1_ from room room0_ inner join building building1_ on room0_.building_id=building1_.id where room0_.id=?
2022-09-27 10:55:33.760  INFO 31260 --- [    Test worker] o.s.t.c.transaction.TransactionContext   : Rolled back transaction for test: [DefaultTestContext@4e28bdd1 testClass = BuildingDaoTest, testInstance = com.emse.spring.faircorp.dao.BuildingDaoTest@73ff4fae, testMethod = shouldFindHeaters@BuildingDaoTest, testException = [null], mergedContextConfiguration = [MergedContextConfiguration@53f48368 testClass = BuildingDaoTest, locations = '{}', classes = '{class com.emse.spring.faircorp.Application}', contextInitializerClasses = '[]', activeProfiles = '{}', propertySourceLocations = '{}', propertySourceProperties = '{org.springframework.boot.test.autoconfigure.orm.jpa.DataJpaTestContextBootstrapper=true}', contextCustomizers = set[org.springframework.boot.test.autoconfigure.OverrideAutoConfigurationContextCustomizerFactory$DisableAutoConfigurationContextCustomizer@57abad67, org.springframework.boot.test.autoconfigure.actuate.metrics.MetricsExportContextCustomizerFactory$DisableMetricExportContextCustomizer@5d8bafa9, org.springframework.boot.test.autoconfigure.filter.TypeExcludeFiltersContextCustomizer@351584c0, org.springframework.boot.test.autoconfigure.properties.PropertyMappingContextCustomizer@95f318ee, org.springframework.boot.test.autoconfigure.web.servlet.WebDriverContextCustomizerFactory$Customizer@4a194c39, [ImportsContextCustomizer@24d4d7c9 key = [org.springframework.boot.autoconfigure.cache.CacheAutoConfiguration, org.springframework.boot.autoconfigure.data.jpa.JpaRepositoriesAutoConfiguration, org.springframework.boot.autoconfigure.flyway.FlywayAutoConfiguration, org.springframework.boot.autoconfigure.jdbc.DataSourceAutoConfiguration, org.springframework.boot.autoconfigure.jdbc.DataSourceTransactionManagerAutoConfiguration, org.springframework.boot.autoconfigure.jdbc.JdbcTemplateAutoConfiguration, org.springframework.boot.autoconfigure.liquibase.LiquibaseAutoConfiguration, org.springframework.boot.autoconfigure.orm.jpa.HibernateJpaAutoConfiguration, org.springframework.boot.autoconfigure.sql.init.SqlInitializationAutoConfiguration, org.springframework.boot.autoconfigure.transaction.TransactionAutoConfiguration, org.springframework.boot.test.autoconfigure.jdbc.TestDatabaseAutoConfiguration, org.springframework.boot.test.autoconfigure.orm.jpa.TestEntityManagerAutoConfiguration]], org.springframework.boot.test.context.filter.ExcludeFilterContextCustomizer@753432a2, org.springframework.boot.test.json.DuplicateJsonObjectContextCustomizerFactory$DuplicateJsonObjectContextCustomizer@44e3a2b2, org.springframework.boot.test.mock.mockito.MockitoContextCustomizer@0, org.springframework.boot.test.context.SpringBootTestArgs@1, org.springframework.boot.test.context.SpringBootTestWebEnvironment@0], contextLoader = 'org.springframework.boot.test.context.SpringBootContextLoader', parent = [null]], attributes = map['org.springframework.test.context.event.ApplicationEventsTestExecutionListener.recordApplicationEvents' -> false]]
]]></system-out>
  <system-err><![CDATA[]]></system-err>
</testsuite>
